Server started successfully
analytic Received. {"eventName":"findAllCustomersStarted","totalMS":1}
analytic Received. {"eventName":"findAllCustomersStarted","totalMS":0}
Server started successfully
analytic Received. {"eventName":"findAllCustomersStarted","totalMS":0}
analytic Received. {"eventName":"findAllCustomersStarted","totalMS":0}
analytic Received. {"eventName":"findAllCustomersStarted","totalMS":0}
internal/modules/cjs/loader.js:583
    throw err;
    ^

Error: Cannot find module '/Users/tjay/Desktop/NodeApps/StockClass/node2/server.sh'
    at Function.Module._resolveFilename (internal/modules/cjs/loader.js:581:15)
    at Function.Module._load (internal/modules/cjs/loader.js:507:25)
    at Function.Module.runMain (internal/modules/cjs/loader.js:742:12)
    at startup (internal/bootstrap/node.js:283:19)
    at bootstrapNodeJSCore (internal/bootstrap/node.js:743:3)
nohup: t.sh: No such file or directory
Server started successfully
analytic Received. {"eventName":"findAllCustomersStarted","totalMS":0}
Server started successfully
analytic Received. {"eventName":"findAllCustomersStarted","totalMS":0}
analytic Received. {"eventName":"findAllCustomersStarted","totalMS":0}
./t.sh: line 3: 14012 Hangup: 1               node server.js
Server started successfully
analytic Received. {"eventName":"findAllCustomersStarted","totalMS":0}
analytic Received. {"eventName":"findAllCustomersStarted","totalMS":0}
analytic Received. {"eventName":"findAllCustomersStarted","totalMS":0}
